<?xml version="1.0" encoding="UTF-8"?>
<testsuite xmlns:xsi="http://www.w3.org/2001/XMLSchema-instance" xsi:noNamespaceSchemaLocation="https://maven.apache.org/surefire/maven-surefire-plugin/xsd/surefire-test-report.xsd" name="TestRunner" time="16.087" tests="12" errors="0" skipped="0" failures="0">
  <properties>
    <property name="java.specification.version" value="16"/>
    <property name="sun.cpu.isalist" value="amd64"/>
    <property name="sun.jnu.encoding" value="Cp1251"/>
    <property name="java.class.path" value="C:\Program Files\Java\apache-maven-3.8.4\boot\plexus-classworlds-2.6.0.jar"/>
    <property name="java.vm.vendor" value="Oracle Corporation"/>
    <property name="sun.arch.data.model" value="64"/>
    <property name="user.variant" value=""/>
    <property name="java.vendor.url" value="https://java.oracle.com/"/>
    <property name="user.timezone" value="Europe/Kiev"/>
    <property name="maven.conf" value="C:\Program Files\Java\apache-maven-3.8.4/conf"/>
    <property name="java.vm.specification.version" value="16"/>
    <property name="os.name" value="Windows 10"/>
    <property name="sun.java.launcher" value="SUN_STANDARD"/>
    <property name="user.country" value="RU"/>
    <property name="sun.boot.library.path" value="C:\Program Files\Java\jdk-16.0.1\bin"/>
    <property name="sun.java.command" value="org.codehaus.plexus.classworlds.launcher.Launcher clean test"/>
    <property name="jdk.debug" value="release"/>
    <property name="maven.home" value="C:\Program Files\Java\apache-maven-3.8.4"/>
    <property name="sun.cpu.endian" value="little"/>
    <property name="user.home" value="C:\Users\smurf"/>
    <property name="user.language" value="ru"/>
    <property name="sun.stderr.encoding" value="cp866"/>
    <property name="java.specification.vendor" value="Oracle Corporation"/>
    <property name="java.version.date" value="2021-04-20"/>
    <property name="java.home" value="C:\Program Files\Java\jdk-16.0.1"/>
    <property name="file.separator" value="\"/>
    <property name="java.vm.compressedOopsMode" value="Zero based"/>
    <property name="line.separator" value="&#10;"/>
    <property name="sun.stdout.encoding" value="cp866"/>
    <property name="java.vm.specification.vendor" value="Oracle Corporation"/>
    <property name="java.specification.name" value="Java Platform API Specification"/>
    <property name="user.script" value=""/>
    <property name="sun.management.compiler" value="HotSpot 64-Bit Tiered Compilers"/>
    <property name="java.runtime.version" value="16.0.1+9-24"/>
    <property name="user.name" value="smurf"/>
    <property name="path.separator" value=";"/>
    <property name="os.version" value="10.0"/>
    <property name="java.runtime.name" value="Java(TM) SE Runtime Environment"/>
    <property name="file.encoding" value="Cp1251"/>
    <property name="guice.disable.misplaced.annotation.check" value="true"/>
    <property name="java.vm.name" value="Java HotSpot(TM) 64-Bit Server VM"/>
    <property name="java.vendor.url.bug" value="https://bugreport.java.com/bugreport/"/>
    <property name="java.io.tmpdir" value="C:\Users\smurf\AppData\Local\Temp\"/>
    <property name="java.version" value="16.0.1"/>
    <property name="user.dir" value="C:\Users\smurf\IdeaProjects\WebAPI"/>
    <property name="os.arch" value="amd64"/>
    <property name="maven.multiModuleProjectDirectory" value="C:\Users\smurf\IdeaProjects\WebAPI"/>
    <property name="java.vm.specification.name" value="Java Virtual Machine Specification"/>
    <property name="sun.os.patch.level" value=""/>
    <property name="java.library.path" value="C:\Program Files\Java\jdk-16.0.1\bin;C:\WINDOWS\Sun\Java\bin;C:\WINDOWS\system32;C:\WINDOWS;C:\Program Files\Common Files\Oracle\Java\javapath;C:\WINDOWS\system32;C:\WINDOWS;C:\WINDOWS\System32\Wbem;C:\WINDOWS\System32\WindowsPowerShell\v1.0\;C:\WINDOWS\System32\OpenSSH\;C:\Program Files (x86)\Microsoft Visual Studio\Shared\Python37_64\Scripts;C:\Users\smurf\AppData\Roaming\Python\Python37\Scripts;C:\Program Files (x86)\Microsoft Visual Studio\Shared\Python37_64\;C:\Program Files\Git\cmd;C:\Program Files\Sublime Text 3\;C:\Program Files\swipl\bin\;C:\Program Files\nodejs\;C:\Program Files\Java\jdk-16.0.1\bin;C:\Program Files\Java\apache-maven-3.8.4\bin;C:\Program Files\Java\allure-2.17.1\bin;C:\Program Files\Redis\;C:\Users\smurf\AppData\Local\Microsoft\WindowsApps;C:\Users\smurf\AppData\Local\Programs\Microsoft VS Code\bin;C:\Program Files\heroku\bin;C:\Users\smurf\AppData\Roaming\npm;C:\Users\smurf\AppData\Local\GitHubDesktop\bin;."/>
    <property name="java.vm.info" value="mixed mode, sharing"/>
    <property name="java.vendor" value="Oracle Corporation"/>
    <property name="java.vm.version" value="16.0.1+9-24"/>
    <property name="classworlds.conf" value="C:\Program Files\Java\apache-maven-3.8.4\bin\m2.conf"/>
    <property name="sun.io.unicode.encoding" value="UnicodeLittle"/>
    <property name="library.jansi.path" value="C:\Program Files\Java\apache-maven-3.8.4\lib\jansi-native"/>
    <property name="java.class.version" value="60.0"/>
  </properties>
  <testcase name="User can upload file to his dropbox folder" classname="Upload File" time="4.888"/>
  <testcase name="User can upload file to his dropbox folder" classname="Upload File" time="1.685"/>
  <testcase name="User will get error in response if his request in incorrect" classname="Upload File" time="1.723"/>
  <testcase name="User will get error in response if his request in incorrect" classname="Upload File" time="0.812"/>
  <testcase name="User can have ability to get metadata of existing file" classname="Get File Metadata" time="0.69"/>
  <testcase name="User can have ability to get metadata of existing file" classname="Get File Metadata" time="0.618"/>
  <testcase name="User will get error while getting file metadata if filepath is invalid" classname="Get File Metadata" time="0.323"/>
  <testcase name="User will get error while getting file metadata if filepath is invalid" classname="Get File Metadata" time="0.37"/>
  <testcase name="User can delete file from his dropbox folder" classname="Delete File" time="1.846"/>
  <testcase name="User can delete file from his dropbox folder" classname="Delete File" time="1.003"/>
  <testcase name="User will get error while deleting file if filepath is invalid" classname="Delete File" time="0.594"/>
  <testcase name="User will get error while deleting file if filepath is invalid" classname="Delete File" time="1.032"/>
</testsuite>